# JRE version: Java(TM) SE Runtime Environment (8.0_181-b13) (build 1.8.0_181-b13)
# Java VM: Java HotSpot(TM) 64-Bit Server VM (25.181-b13 mixed mode linux-amd64 compressed oops)
Heap:
 PSYoungGen      total 186368K, used 15841K [0x00000000ec100000, 0x00000000f9880000, 0x0000000100000000)
  eden space 170496K, 0% used [0x00000000ec100000,0x00000000ec100000,0x00000000f6780000)
  from space 15872K, 99% used [0x00000000f6780000,0x00000000f76f8568,0x00000000f7700000)
  to   space 15872K, 0% used [0x00000000f7700000,0x00000000f7700000,0x00000000f8680000)
 ParOldGen       total 56320K, used 37338K [0x00000000c4200000, 0x00000000c7900000, 0x00000000ec100000)
  object space 56320K, 66% used [0x00000000c4200000,0x00000000c6676850,0x00000000c7900000)
 Metaspace       used 52605K, capacity 53551K, committed 53936K, reserved 1095680K
  class space    used 6739K, capacity 7006K, committed 7088K, reserved 1048576K
GC Heap History (10 events):
Event: 3,786 GC heap after
Heap after GC invocations=8 (full 0):
 PSYoungGen      total 130048K, used 7826K [0x00000000ec100000, 0x00000000f4b00000, 0x0000000100000000)
  eden space 121856K, 0% used [0x00000000ec100000,0x00000000ec100000,0x00000000f3800000)
  from space 8192K, 95% used [0x00000000f4100000,0x00000000f48a4a88,0x00000000f4900000)
  to   space 9216K, 0% used [0x00000000f3800000,0x00000000f3800000,0x00000000f4100000)
 ParOldGen       total 40960K, used 10848K [0x00000000c4200000, 0x00000000c6a00000, 0x00000000ec100000)
  object space 40960K, 26% used [0x00000000c4200000,0x00000000c4c983a0,0x00000000c6a00000)
 Metaspace       used 20600K, capacity 21084K, committed 21296K, reserved 1069056K
  class space    used 2378K, capacity 2566K, committed 2608K, reserved 1048576K
}
Event: 3,786 GC heap before
{Heap before GC invocations=9 (full 1):
 PSYoungGen      total 130048K, used 7826K [0x00000000ec100000, 0x00000000f4b00000, 0x0000000100000000)
  eden space 121856K, 0% used [0x00000000ec100000,0x00000000ec100000,0x00000000f3800000)
  from space 8192K, 95% used [0x00000000f4100000,0x00000000f48a4a88,0x00000000f4900000)
  to   space 9216K, 0% used [0x00000000f3800000,0x00000000f3800000,0x00000000f4100000)
 ParOldGen       total 40960K, used 10848K [0x00000000c4200000, 0x00000000c6a00000, 0x00000000ec100000)
  object space 40960K, 26% used [0x00000000c4200000,0x00000000c4c983a0,0x00000000c6a00000)
 Metaspace       used 20600K, capacity 21084K, committed 21296K, reserved 1069056K
  class space    used 2378K, capacity 2566K, committed 2608K, reserved 1048576K
Event: 3,854 GC heap after
Heap after GC invocations=9 (full 1):
 PSYoungGen      total 130048K, used 0K [0x00000000ec100000, 0x00000000f4b00000, 0x0000000100000000)
  eden space 121856K, 0% used [0x00000000ec100000,0x00000000ec100000,0x00000000f3800000)
  from space 8192K, 0% used [0x00000000f4100000,0x00000000f4100000,0x00000000f4900000)
  to   space 9216K, 0% used [0x00000000f3800000,0x00000000f3800000,0x00000000f4100000)
 ParOldGen       total 38400K, used 13168K [0x00000000c4200000, 0x00000000c6780000, 0x00000000ec100000)
  object space 38400K, 34% used [0x00000000c4200000,0x00000000c4edc380,0x00000000c6780000)
 Metaspace       used 20600K, capacity 21084K, committed 21296K, reserved 1069056K
  class space    used 2378K, capacity 2566K, committed 2608K, reserved 1048576K
}
Event: 5,481 GC heap before
{Heap before GC invocations=10 (full 1):
 PSYoungGen      total 130048K, used 121856K [0x00000000ec100000, 0x00000000f4b00000, 0x0000000100000000)
  eden space 121856K, 100% used [0x00000000ec100000,0x00000000f3800000,0x00000000f3800000)
  from space 8192K, 0% used [0x00000000f4100000,0x00000000f4100000,0x00000000f4900000)
  to   space 9216K, 0% used [0x00000000f3800000,0x00000000f3800000,0x00000000f4100000)
 ParOldGen       total 38400K, used 13168K [0x00000000c4200000, 0x00000000c6780000, 0x00000000ec100000)
  object space 38400K, 34% used [0x00000000c4200000,0x00000000c4edc380,0x00000000c6780000)
 Metaspace       used 34538K, capacity 35226K, committed 35496K, reserved 1081344K
  class space    used 4451K, capacity 4655K, committed 4656K, reserved 1048576K
Event: 5,508 GC heap after
Heap after GC invocations=10 (full 1):
 PSYoungGen      total 131072K, used 9188K [0x00000000ec100000, 0x00000000f8680000, 0x0000000100000000)
  eden space 121856K, 0% used [0x00000000ec100000,0x00000000ec100000,0x00000000f3800000)
  from space 9216K, 99% used [0x00000000f3800000,0x00000000f40f9168,0x00000000f4100000)
  to   space 15872K, 0% used [0x00000000f7700000,0x00000000f7700000,0x00000000f8680000)
 ParOldGen       total 38400K, used 26568K [0x00000000c4200000, 0x00000000c6780000, 0x00000000ec100000)
  object space 38400K, 69% used [0x00000000c4200000,0x00000000c5bf2180,0x00000000c6780000)
 Metaspace       used 34538K, capacity 35226K, committed 35496K, reserved 1081344K
  class space    used 4451K, capacity 4655K, committed 4656K, reserved 1048576K
}
Event: 5,522 GC heap before
{Heap before GC invocations=11 (full 1):
 PSYoungGen      total 131072K, used 14064K [0x00000000ec100000, 0x00000000f8680000, 0x0000000100000000)
  eden space 121856K, 4% used [0x00000000ec100000,0x00000000ec5c2f20,0x00000000f3800000)
  from space 9216K, 99% used [0x00000000f3800000,0x00000000f40f9168,0x00000000f4100000)
  to   space 15872K, 0% used [0x00000000f7700000,0x00000000f7700000,0x00000000f8680000)
 ParOldGen       total 38400K, used 26568K [0x00000000c4200000, 0x00000000c6780000, 0x00000000ec100000)
  object space 38400K, 69% used [0x00000000c4200000,0x00000000c5bf2180,0x00000000c6780000)
 Metaspace       used 34586K, capacity 35226K, committed 35496K, reserved 1081344K
  class space    used 4455K, capacity 4655K, committed 4656K, reserved 1048576K
Event: 5,544 GC heap after
Heap after GC invocations=11 (full 1):
 PSYoungGen      total 186368K, used 9153K [0x00000000ec100000, 0x00000000f9880000, 0x0000000100000000)
  eden space 170496K, 0% used [0x00000000ec100000,0x00000000ec100000,0x00000000f6780000)
  from space 15872K, 57% used [0x00000000f7700000,0x00000000f7ff0740,0x00000000f8680000)
  to   space 15872K, 0% used [0x00000000f6780000,0x00000000f6780000,0x00000000f7700000)
 ParOldGen       total 38400K, used 26576K [0x00000000c4200000, 0x00000000c6780000, 0x00000000ec100000)
  object space 38400K, 69% used [0x00000000c4200000,0x00000000c5bf4180,0x00000000c6780000)
 Metaspace       used 34586K, capacity 35226K, committed 35496K, reserved 1081344K
  class space    used 4455K, capacity 4655K, committed 4656K, reserved 1048576K
}
Event: 5,544 GC heap before
{Heap before GC invocations=12 (full 2):
 PSYoungGen      total 186368K, used 9153K [0x00000000ec100000, 0x00000000f9880000, 0x0000000100000000)
  eden space 170496K, 0% used [0x00000000ec100000,0x00000000ec100000,0x00000000f6780000)
  from space 15872K, 57% used [0x00000000f7700000,0x00000000f7ff0740,0x00000000f8680000)
  to   space 15872K, 0% used [0x00000000f6780000,0x00000000f6780000,0x00000000f7700000)
 ParOldGen       total 38400K, used 26576K [0x00000000c4200000, 0x00000000c6780000, 0x00000000ec100000)
  object space 38400K, 69% used [0x00000000c4200000,0x00000000c5bf4180,0x00000000c6780000)
 Metaspace       used 34586K, capacity 35226K, committed 35496K, reserved 1081344K
  class space    used 4455K, capacity 4655K, committed 4656K, reserved 1048576K
Event: 5,678 GC heap after
Heap after GC invocations=12 (full 2):
 PSYoungGen      total 186368K, used 0K [0x00000000ec100000, 0x00000000f9880000, 0x0000000100000000)
  eden space 170496K, 0% used [0x00000000ec100000,0x00000000ec100000,0x00000000f6780000)
  from space 15872K, 0% used [0x00000000f7700000,0x00000000f7700000,0x00000000f8680000)
  to   space 15872K, 0% used [0x00000000f6780000,0x00000000f6780000,0x00000000f7700000)
 ParOldGen       total 56320K, used 22517K [0x00000000c4200000, 0x00000000c7900000, 0x00000000ec100000)
  object space 56320K, 39% used [0x00000000c4200000,0x00000000c57fd740,0x00000000c7900000)
 Metaspace       used 34586K, capacity 35226K, committed 35496K, reserved 1081344K
  class space    used 4455K, capacity 4655K, committed 4656K, reserved 1048576K
}
Event: 8,469 GC heap before
{Heap before GC invocations=13 (full 2):
 PSYoungGen      total 186368K, used 170496K [0x00000000ec100000, 0x00000000f9880000, 0x0000000100000000)
  eden space 170496K, 100% used [0x00000000ec100000,0x00000000f6780000,0x00000000f6780000)
  from space 15872K, 0% used [0x00000000f7700000,0x00000000f7700000,0x00000000f8680000)
  to   space 15872K, 0% used [0x00000000f6780000,0x00000000f6780000,0x00000000f7700000)
 ParOldGen       total 56320K, used 22517K [0x00000000c4200000, 0x00000000c7900000, 0x00000000ec100000)
  object space 56320K, 39% used [0x00000000c4200000,0x00000000c57fd740,0x00000000c7900000)
 Metaspace       used 52605K, capacity 53551K, committed 53936K, reserved 1095680K
  class space    used 6739K, capacity 7006K, committed 7088K, reserved 1048576K

