# JRE version: Java(TM) SE Runtime Environment (8.0_181-b13) (build 1.8.0_181-b13)
# Java VM: Java HotSpot(TM) 64-Bit Server VM (25.181-b13 mixed mode linux-amd64 compressed oops)
Heap:
 PSYoungGen      total 104960K, used 7167K [0x00000000ec100000, 0x00000000f2f00000, 0x0000000100000000)
  eden space 97792K, 0% used [0x00000000ec100000,0x00000000ec100000,0x00000000f2080000)
  from space 7168K, 99% used [0x00000000f2080000,0x00000000f277fcf0,0x00000000f2780000)
  to   space 6656K, 0% used [0x00000000f2780000,0x00000000f2780000,0x00000000f2e00000)
 ParOldGen       total 40960K, used 12982K [0x00000000c4200000, 0x00000000c6a00000, 0x00000000ec100000)
  object space 40960K, 31% used [0x00000000c4200000,0x00000000c4eada38,0x00000000c6a00000)
 Metaspace       used 17655K, capacity 17856K, committed 18048K, reserved 1064960K
  class space    used 2225K, capacity 2326K, committed 2432K, reserved 1048576K
GC Heap History (10 events):
Event: 2,807 GC heap after
Heap after GC invocations=6 (full 0):
 PSYoungGen      total 36864K, used 4160K [0x00000000ec100000, 0x00000000eeb00000, 0x0000000100000000)
  eden space 30720K, 0% used [0x00000000ec100000,0x00000000ec100000,0x00000000edf00000)
  from space 6144K, 67% used [0x00000000ee500000,0x00000000ee910000,0x00000000eeb00000)
  to   space 6144K, 0% used [0x00000000edf00000,0x00000000edf00000,0x00000000ee500000)
 ParOldGen       total 40960K, used 7392K [0x00000000c4200000, 0x00000000c6a00000, 0x00000000ec100000)
  object space 40960K, 18% used [0x00000000c4200000,0x00000000c49381c0,0x00000000c6a00000)
 Metaspace       used 15379K, capacity 15608K, committed 15744K, reserved 1062912K
  class space    used 1988K, capacity 2090K, committed 2176K, reserved 1048576K
}
Event: 3,249 GC heap before
{Heap before GC invocations=7 (full 0):
 PSYoungGen      total 36864K, used 34880K [0x00000000ec100000, 0x00000000eeb00000, 0x0000000100000000)
  eden space 30720K, 100% used [0x00000000ec100000,0x00000000edf00000,0x00000000edf00000)
  from space 6144K, 67% used [0x00000000ee500000,0x00000000ee910000,0x00000000eeb00000)
  to   space 6144K, 0% used [0x00000000edf00000,0x00000000edf00000,0x00000000ee500000)
 ParOldGen       total 40960K, used 7392K [0x00000000c4200000, 0x00000000c6a00000, 0x00000000ec100000)
  object space 40960K, 18% used [0x00000000c4200000,0x00000000c49381c0,0x00000000c6a00000)
 Metaspace       used 15750K, capacity 15960K, committed 16256K, reserved 1062912K
  class space    used 2035K, capacity 2122K, committed 2176K, reserved 1048576K
Event: 3,265 GC heap after
Heap after GC invocations=7 (full 0):
 PSYoungGen      total 36864K, used 5429K [0x00000000ec100000, 0x00000000f0a00000, 0x0000000100000000)
  eden space 30720K, 0% used [0x00000000ec100000,0x00000000ec100000,0x00000000edf00000)
  from space 6144K, 88% used [0x00000000edf00000,0x00000000ee44d720,0x00000000ee500000)
  to   space 6656K, 0% used [0x00000000f0380000,0x00000000f0380000,0x00000000f0a00000)
 ParOldGen       total 40960K, used 7779K [0x00000000c4200000, 0x00000000c6a00000, 0x00000000ec100000)
  object space 40960K, 18% used [0x00000000c4200000,0x00000000c4998c50,0x00000000c6a00000)
 Metaspace       used 15750K, capacity 15960K, committed 16256K, reserved 1062912K
  class space    used 2035K, capacity 2122K, committed 2176K, reserved 1048576K
}
Event: 3,483 GC heap before
{Heap before GC invocations=8 (full 0):
 PSYoungGen      total 36864K, used 36149K [0x00000000ec100000, 0x00000000f0a00000, 0x0000000100000000)
  eden space 30720K, 100% used [0x00000000ec100000,0x00000000edf00000,0x00000000edf00000)
  from space 6144K, 88% used [0x00000000edf00000,0x00000000ee44d720,0x00000000ee500000)
  to   space 6656K, 0% used [0x00000000f0380000,0x00000000f0380000,0x00000000f0a00000)
 ParOldGen       total 40960K, used 7779K [0x00000000c4200000, 0x00000000c6a00000, 0x00000000ec100000)
  object space 40960K, 18% used [0x00000000c4200000,0x00000000c4998c50,0x00000000c6a00000)
 Metaspace       used 15819K, capacity 16024K, committed 16256K, reserved 1062912K
  class space    used 2035K, capacity 2122K, committed 2176K, reserved 1048576K
Event: 3,497 GC heap after
Heap after GC invocations=8 (full 0):
 PSYoungGen      total 67072K, used 3744K [0x00000000ec100000, 0x00000000f0900000, 0x0000000100000000)
  eden space 61440K, 0% used [0x00000000ec100000,0x00000000ec100000,0x00000000efd00000)
  from space 5632K, 66% used [0x00000000f0380000,0x00000000f0728000,0x00000000f0900000)
  to   space 6144K, 0% used [0x00000000efd00000,0x00000000efd00000,0x00000000f0300000)
 ParOldGen       total 40960K, used 9590K [0x00000000c4200000, 0x00000000c6a00000, 0x00000000ec100000)
  object space 40960K, 23% used [0x00000000c4200000,0x00000000c4b5da18,0x00000000c6a00000)
 Metaspace       used 15819K, capacity 16024K, committed 16256K, reserved 1062912K
  class space    used 2035K, capacity 2122K, committed 2176K, reserved 1048576K
}
Event: 3,954 GC heap before
{Heap before GC invocations=9 (full 0):
 PSYoungGen      total 67072K, used 65184K [0x00000000ec100000, 0x00000000f0900000, 0x0000000100000000)
  eden space 61440K, 100% used [0x00000000ec100000,0x00000000efd00000,0x00000000efd00000)
  from space 5632K, 66% used [0x00000000f0380000,0x00000000f0728000,0x00000000f0900000)
  to   space 6144K, 0% used [0x00000000efd00000,0x00000000efd00000,0x00000000f0300000)
 ParOldGen       total 40960K, used 9590K [0x00000000c4200000, 0x00000000c6a00000, 0x00000000ec100000)
  object space 40960K, 23% used [0x00000000c4200000,0x00000000c4b5da18,0x00000000c6a00000)
 Metaspace       used 15982K, capacity 16222K, committed 16512K, reserved 1062912K
  class space    used 2042K, capacity 2123K, committed 2176K, reserved 1048576K
Event: 3,964 GC heap after
Heap after GC invocations=9 (full 0):
 PSYoungGen      total 67584K, used 5840K [0x00000000ec100000, 0x00000000f2e00000, 0x0000000100000000)
  eden space 61440K, 0% used [0x00000000ec100000,0x00000000ec100000,0x00000000efd00000)
  from space 6144K, 95% used [0x00000000efd00000,0x00000000f02b4010,0x00000000f0300000)
  to   space 6656K, 0% used [0x00000000f2780000,0x00000000f2780000,0x00000000f2e00000)
 ParOldGen       total 40960K, used 10174K [0x00000000c4200000, 0x00000000c6a00000, 0x00000000ec100000)
  object space 40960K, 24% used [0x00000000c4200000,0x00000000c4befa18,0x00000000c6a00000)
 Metaspace       used 15982K, capacity 16222K, committed 16512K, reserved 1062912K
  class space    used 2042K, capacity 2123K, committed 2176K, reserved 1048576K
}
Event: 4,335 GC heap before
{Heap before GC invocations=10 (full 0):
 PSYoungGen      total 67584K, used 67280K [0x00000000ec100000, 0x00000000f2e00000, 0x0000000100000000)
  eden space 61440K, 100% used [0x00000000ec100000,0x00000000efd00000,0x00000000efd00000)
  from space 6144K, 95% used [0x00000000efd00000,0x00000000f02b4010,0x00000000f0300000)
  to   space 6656K, 0% used [0x00000000f2780000,0x00000000f2780000,0x00000000f2e00000)
 ParOldGen       total 40960K, used 10174K [0x00000000c4200000, 0x00000000c6a00000, 0x00000000ec100000)
  object space 40960K, 24% used [0x00000000c4200000,0x00000000c4befa18,0x00000000c6a00000)
 Metaspace       used 16190K, capacity 16414K, committed 16512K, reserved 1062912K
  class space    used 2063K, capacity 2123K, committed 2176K, reserved 1048576K
Event: 4,346 GC heap after
Heap after GC invocations=10 (full 0):
 PSYoungGen      total 104448K, used 5907K [0x00000000ec100000, 0x00000000f2f00000, 0x0000000100000000)
  eden space 97792K, 0% used [0x00000000ec100000,0x00000000ec100000,0x00000000f2080000)
  from space 6656K, 88% used [0x00000000f2780000,0x00000000f2d44e38,0x00000000f2e00000)
  to   space 7168K, 0% used [0x00000000f2080000,0x00000000f2080000,0x00000000f2780000)
 ParOldGen       total 40960K, used 10422K [0x00000000c4200000, 0x00000000c6a00000, 0x00000000ec100000)
  object space 40960K, 25% used [0x00000000c4200000,0x00000000c4c2da38,0x00000000c6a00000)
 Metaspace       used 16190K, capacity 16414K, committed 16512K, reserved 1062912K
  class space    used 2063K, capacity 2123K, committed 2176K, reserved 1048576K
}
Event: 4,929 GC heap before
{Heap before GC invocations=11 (full 0):
 PSYoungGen      total 104448K, used 103699K [0x00000000ec100000, 0x00000000f2f00000, 0x0000000100000000)
  eden space 97792K, 100% used [0x00000000ec100000,0x00000000f2080000,0x00000000f2080000)
  from space 6656K, 88% used [0x00000000f2780000,0x00000000f2d44e38,0x00000000f2e00000)
  to   space 7168K, 0% used [0x00000000f2080000,0x00000000f2080000,0x00000000f2780000)
 ParOldGen       total 40960K, used 10422K [0x00000000c4200000, 0x00000000c6a00000, 0x00000000ec100000)
  object space 40960K, 25% used [0x00000000c4200000,0x00000000c4c2da38,0x00000000c6a00000)
 Metaspace       used 17655K, capacity 17856K, committed 18048K, reserved 1064960K
  class space    used 2225K, capacity 2326K, committed 2432K, reserved 1048576K

