# JRE version: Java(TM) SE Runtime Environment (8.0_181-b13) (build 1.8.0_181-b13)
# Java VM: Java HotSpot(TM) 64-Bit Server VM (25.181-b13 mixed mode linux-amd64 compressed oops)
Heap:
 PSYoungGen      total 68608K, used 7167K [0x00000000ec100000, 0x00000000f0b00000, 0x0000000100000000)
  eden space 61440K, 0% used [0x00000000ec100000,0x00000000ec100000,0x00000000efd00000)
  from space 7168K, 99% used [0x00000000efd00000,0x00000000f03ffd48,0x00000000f0400000)
  to   space 7168K, 0% used [0x00000000f0400000,0x00000000f0400000,0x00000000f0b00000)
 ParOldGen       total 40960K, used 11372K [0x00000000c4200000, 0x00000000c6a00000, 0x00000000ec100000)
  object space 40960K, 27% used [0x00000000c4200000,0x00000000c4d1b1c8,0x00000000c6a00000)
 Metaspace       used 18040K, capacity 18304K, committed 18560K, reserved 1064960K
  class space    used 2308K, capacity 2390K, committed 2432K, reserved 1048576K
GC Heap History (10 events):
Event: 1,967 GC heap after
Heap after GC invocations=2 (full 0):
 PSYoungGen      total 17920K, used 2546K [0x00000000ec100000, 0x00000000ed500000, 0x0000000100000000)
  eden space 15360K, 0% used [0x00000000ec100000,0x00000000ec100000,0x00000000ed000000)
  from space 2560K, 99% used [0x00000000ed280000,0x00000000ed4fcbc8,0x00000000ed500000)
  to   space 2560K, 0% used [0x00000000ed000000,0x00000000ed000000,0x00000000ed280000)
 ParOldGen       total 40960K, used 303K [0x00000000c4200000, 0x00000000c6a00000, 0x00000000ec100000)
  object space 40960K, 0% used [0x00000000c4200000,0x00000000c424bc78,0x00000000c6a00000)
 Metaspace       used 8680K, capacity 8846K, committed 9088K, reserved 1056768K
  class space    used 1269K, capacity 1327K, committed 1408K, reserved 1048576K
}
Event: 2,848 GC heap before
{Heap before GC invocations=3 (full 0):
 PSYoungGen      total 17920K, used 17906K [0x00000000ec100000, 0x00000000ed500000, 0x0000000100000000)
  eden space 15360K, 100% used [0x00000000ec100000,0x00000000ed000000,0x00000000ed000000)
  from space 2560K, 99% used [0x00000000ed280000,0x00000000ed4fcbc8,0x00000000ed500000)
  to   space 2560K, 0% used [0x00000000ed000000,0x00000000ed000000,0x00000000ed280000)
 ParOldGen       total 40960K, used 303K [0x00000000c4200000, 0x00000000c6a00000, 0x00000000ec100000)
  object space 40960K, 0% used [0x00000000c4200000,0x00000000c424bc78,0x00000000c6a00000)
 Metaspace       used 11991K, capacity 12274K, committed 12416K, reserved 1060864K
  class space    used 1548K, capacity 1657K, committed 1664K, reserved 1048576K
Event: 2,882 GC heap after
Heap after GC invocations=3 (full 0):
 PSYoungGen      total 17920K, used 2560K [0x00000000ec100000, 0x00000000ee400000, 0x0000000100000000)
  eden space 15360K, 0% used [0x00000000ec100000,0x00000000ec100000,0x00000000ed000000)
  from space 2560K, 100% used [0x00000000ed000000,0x00000000ed280000,0x00000000ed280000)
  to   space 2560K, 0% used [0x00000000ee180000,0x00000000ee180000,0x00000000ee400000)
 ParOldGen       total 40960K, used 2659K [0x00000000c4200000, 0x00000000c6a00000, 0x00000000ec100000)
  object space 40960K, 6% used [0x00000000c4200000,0x00000000c4498d38,0x00000000c6a00000)
 Metaspace       used 11991K, capacity 12274K, committed 12416K, reserved 1060864K
  class space    used 1548K, capacity 1657K, committed 1664K, reserved 1048576K
}
Event: 3,615 GC heap before
{Heap before GC invocations=4 (full 0):
 PSYoungGen      total 17920K, used 17920K [0x00000000ec100000, 0x00000000ee400000, 0x0000000100000000)
  eden space 15360K, 100% used [0x00000000ec100000,0x00000000ed000000,0x00000000ed000000)
  from space 2560K, 100% used [0x00000000ed000000,0x00000000ed280000,0x00000000ed280000)
  to   space 2560K, 0% used [0x00000000ee180000,0x00000000ee180000,0x00000000ee400000)
 ParOldGen       total 40960K, used 2659K [0x00000000c4200000, 0x00000000c6a00000, 0x00000000ec100000)
  object space 40960K, 6% used [0x00000000c4200000,0x00000000c4498d38,0x00000000c6a00000)
 Metaspace       used 13235K, capacity 13432K, committed 13568K, reserved 1060864K
  class space    used 1705K, capacity 1786K, committed 1792K, reserved 1048576K
Event: 3,639 GC heap after
Heap after GC invocations=4 (full 0):
 PSYoungGen      total 33280K, used 2544K [0x00000000ec100000, 0x00000000ee400000, 0x0000000100000000)
  eden space 30720K, 0% used [0x00000000ec100000,0x00000000ec100000,0x00000000edf00000)
  from space 2560K, 99% used [0x00000000ee180000,0x00000000ee3fc030,0x00000000ee400000)
  to   space 2560K, 0% used [0x00000000edf00000,0x00000000edf00000,0x00000000ee180000)
 ParOldGen       total 40960K, used 5537K [0x00000000c4200000, 0x00000000c6a00000, 0x00000000ec100000)
  object space 40960K, 13% used [0x00000000c4200000,0x00000000c47686b8,0x00000000c6a00000)
 Metaspace       used 13235K, capacity 13432K, committed 13568K, reserved 1060864K
  class space    used 1705K, capacity 1786K, committed 1792K, reserved 1048576K
}
Event: 5,147 GC heap before
{Heap before GC invocations=5 (full 0):
 PSYoungGen      total 33280K, used 33264K [0x00000000ec100000, 0x00000000ee400000, 0x0000000100000000)
  eden space 30720K, 100% used [0x00000000ec100000,0x00000000edf00000,0x00000000edf00000)
  from space 2560K, 99% used [0x00000000ee180000,0x00000000ee3fc030,0x00000000ee400000)
  to   space 2560K, 0% used [0x00000000edf00000,0x00000000edf00000,0x00000000ee180000)
 ParOldGen       total 40960K, used 5537K [0x00000000c4200000, 0x00000000c6a00000, 0x00000000ec100000)
  object space 40960K, 13% used [0x00000000c4200000,0x00000000c47686b8,0x00000000c6a00000)
 Metaspace       used 15801K, capacity 15992K, committed 16256K, reserved 1062912K
  class space    used 2023K, capacity 2106K, committed 2176K, reserved 1048576K
Event: 5,165 GC heap after
Heap after GC invocations=5 (full 0):
 PSYoungGen      total 33280K, used 2544K [0x00000000ec100000, 0x00000000f0b00000, 0x0000000100000000)
  eden space 30720K, 0% used [0x00000000ec100000,0x00000000ec100000,0x00000000edf00000)
  from space 2560K, 99% used [0x00000000edf00000,0x00000000ee17c010,0x00000000ee180000)
  to   space 7168K, 0% used [0x00000000f0400000,0x00000000f0400000,0x00000000f0b00000)
 ParOldGen       total 40960K, used 8950K [0x00000000c4200000, 0x00000000c6a00000, 0x00000000ec100000)
  object space 40960K, 21% used [0x00000000c4200000,0x00000000c4abda08,0x00000000c6a00000)
 Metaspace       used 15801K, capacity 15992K, committed 16256K, reserved 1062912K
  class space    used 2023K, capacity 2106K, committed 2176K, reserved 1048576K
}
Event: 6,297 GC heap before
{Heap before GC invocations=6 (full 0):
 PSYoungGen      total 33280K, used 33264K [0x00000000ec100000, 0x00000000f0b00000, 0x0000000100000000)
  eden space 30720K, 100% used [0x00000000ec100000,0x00000000edf00000,0x00000000edf00000)
  from space 2560K, 99% used [0x00000000edf00000,0x00000000ee17c010,0x00000000ee180000)
  to   space 7168K, 0% used [0x00000000f0400000,0x00000000f0400000,0x00000000f0b00000)
 ParOldGen       total 40960K, used 8950K [0x00000000c4200000, 0x00000000c6a00000, 0x00000000ec100000)
  object space 40960K, 21% used [0x00000000c4200000,0x00000000c4abda08,0x00000000c6a00000)
 Metaspace       used 17424K, capacity 17658K, committed 18048K, reserved 1064960K
  class space    used 2238K, capacity 2341K, committed 2432K, reserved 1048576K
Event: 6,343 GC heap after
Heap after GC invocations=6 (full 0):
 PSYoungGen      total 68608K, used 4430K [0x00000000ec100000, 0x00000000f0b00000, 0x0000000100000000)
  eden space 61440K, 0% used [0x00000000ec100000,0x00000000ec100000,0x00000000efd00000)
  from space 7168K, 61% used [0x00000000f0400000,0x00000000f0853918,0x00000000f0b00000)
  to   space 7168K, 0% used [0x00000000efd00000,0x00000000efd00000,0x00000000f0400000)
 ParOldGen       total 40960K, used 8958K [0x00000000c4200000, 0x00000000c6a00000, 0x00000000ec100000)
  object space 40960K, 21% used [0x00000000c4200000,0x00000000c4abfa08,0x00000000c6a00000)
 Metaspace       used 17424K, capacity 17658K, committed 18048K, reserved 1064960K
  class space    used 2238K, capacity 2341K, committed 2432K, reserved 1048576K
}
Event: 7,219 GC heap before
{Heap before GC invocations=7 (full 0):
 PSYoungGen      total 68608K, used 65870K [0x00000000ec100000, 0x00000000f0b00000, 0x0000000100000000)
  eden space 61440K, 100% used [0x00000000ec100000,0x00000000efd00000,0x00000000efd00000)
  from space 7168K, 61% used [0x00000000f0400000,0x00000000f0853918,0x00000000f0b00000)
  to   space 7168K, 0% used [0x00000000efd00000,0x00000000efd00000,0x00000000f0400000)
 ParOldGen       total 40960K, used 8958K [0x00000000c4200000, 0x00000000c6a00000, 0x00000000ec100000)
  object space 40960K, 21% used [0x00000000c4200000,0x00000000c4abfa08,0x00000000c6a00000)
 Metaspace       used 18040K, capacity 18304K, committed 18560K, reserved 1064960K
  class space    used 2308K, capacity 2390K, committed 2432K, reserved 1048576K

