# JRE version: Java(TM) SE Runtime Environment (8.0_181-b13) (build 1.8.0_181-b13)
# Java VM: Java HotSpot(TM) 64-Bit Server VM (25.181-b13 mixed mode linux-amd64 compressed oops)
Heap:
 PSYoungGen      total 258560K, used 10081K [0x00000000ec100000, 0x00000000fce00000, 0x0000000100000000)
  eden space 242688K, 0% used [0x00000000ec100000,0x00000000ec100000,0x00000000fae00000)
  from space 15872K, 63% used [0x00000000fae00000,0x00000000fb7d8470,0x00000000fbd80000)
  to   space 14848K, 0% used [0x00000000fbd80000,0x00000000fbd80000,0x00000000fcc00000)
 ParOldGen       total 40960K, used 19884K [0x00000000c4200000, 0x00000000c6a00000, 0x00000000ec100000)
  object space 40960K, 48% used [0x00000000c4200000,0x00000000c556b148,0x00000000c6a00000)
 Metaspace       used 20727K, capacity 21016K, committed 21248K, reserved 1067008K
  class space    used 2606K, capacity 2714K, committed 2816K, reserved 1048576K
GC Heap History (10 events):
Event: 3,050 GC heap after
Heap after GC invocations=4 (full 0):
 PSYoungGen      total 64000K, used 2554K [0x00000000ec100000, 0x00000000f0200000, 0x0000000100000000)
  eden space 61440K, 0% used [0x00000000ec100000,0x00000000ec100000,0x00000000efd00000)
  from space 2560K, 99% used [0x00000000eff80000,0x00000000f01fe888,0x00000000f0200000)
  to   space 2560K, 0% used [0x00000000efd00000,0x00000000efd00000,0x00000000eff80000)
 ParOldGen       total 40960K, used 8843K [0x00000000c4200000, 0x00000000c6a00000, 0x00000000ec100000)
  object space 40960K, 21% used [0x00000000c4200000,0x00000000c4aa2c08,0x00000000c6a00000)
 Metaspace       used 15704K, capacity 15896K, committed 16256K, reserved 1062912K
  class space    used 2014K, capacity 2074K, committed 2176K, reserved 1048576K
}
Event: 4,228 GC heap before
{Heap before GC invocations=5 (full 0):
 PSYoungGen      total 64000K, used 63994K [0x00000000ec100000, 0x00000000f0200000, 0x0000000100000000)
  eden space 61440K, 100% used [0x00000000ec100000,0x00000000efd00000,0x00000000efd00000)
  from space 2560K, 99% used [0x00000000eff80000,0x00000000f01fe888,0x00000000f0200000)
  to   space 2560K, 0% used [0x00000000efd00000,0x00000000efd00000,0x00000000eff80000)
 ParOldGen       total 40960K, used 8843K [0x00000000c4200000, 0x00000000c6a00000, 0x00000000ec100000)
  object space 40960K, 21% used [0x00000000c4200000,0x00000000c4aa2c08,0x00000000c6a00000)
 Metaspace       used 17961K, capacity 18234K, committed 18560K, reserved 1064960K
  class space    used 2307K, capacity 2389K, committed 2432K, reserved 1048576K
Event: 4,259 GC heap after
Heap after GC invocations=5 (full 0):
 PSYoungGen      total 64000K, used 2560K [0x00000000ec100000, 0x00000000f4d00000, 0x0000000100000000)
  eden space 61440K, 0% used [0x00000000ec100000,0x00000000ec100000,0x00000000efd00000)
  from space 2560K, 100% used [0x00000000efd00000,0x00000000eff80000,0x00000000eff80000)
  to   space 10240K, 0% used [0x00000000f4300000,0x00000000f4300000,0x00000000f4d00000)
 ParOldGen       total 40960K, used 14684K [0x00000000c4200000, 0x00000000c6a00000, 0x00000000ec100000)
  object space 40960K, 35% used [0x00000000c4200000,0x00000000c50572d8,0x00000000c6a00000)
 Metaspace       used 17961K, capacity 18234K, committed 18560K, reserved 1064960K
  class space    used 2307K, capacity 2389K, committed 2432K, reserved 1048576K
}
Event: 4,697 GC heap before
{Heap before GC invocations=6 (full 0):
 PSYoungGen      total 64000K, used 64000K [0x00000000ec100000, 0x00000000f4d00000, 0x0000000100000000)
  eden space 61440K, 100% used [0x00000000ec100000,0x00000000efd00000,0x00000000efd00000)
  from space 2560K, 100% used [0x00000000efd00000,0x00000000eff80000,0x00000000eff80000)
  to   space 10240K, 0% used [0x00000000f4300000,0x00000000f4300000,0x00000000f4d00000)
 ParOldGen       total 40960K, used 14684K [0x00000000c4200000, 0x00000000c6a00000, 0x00000000ec100000)
  object space 40960K, 35% used [0x00000000c4200000,0x00000000c50572d8,0x00000000c6a00000)
 Metaspace       used 18165K, capacity 18464K, committed 18560K, reserved 1064960K
  class space    used 2330K, capacity 2422K, committed 2432K, reserved 1048576K
Event: 4,728 GC heap after
Heap after GC invocations=6 (full 0):
 PSYoungGen      total 132096K, used 8469K [0x00000000ec100000, 0x00000000f4f00000, 0x0000000100000000)
  eden space 121856K, 0% used [0x00000000ec100000,0x00000000ec100000,0x00000000f3800000)
  from space 10240K, 82% used [0x00000000f4300000,0x00000000f4b45720,0x00000000f4d00000)
  to   space 11264K, 0% used [0x00000000f3800000,0x00000000f3800000,0x00000000f4300000)
 ParOldGen       total 40960K, used 14684K [0x00000000c4200000, 0x00000000c6a00000, 0x00000000ec100000)
  object space 40960K, 35% used [0x00000000c4200000,0x00000000c50572d8,0x00000000c6a00000)
 Metaspace       used 18165K, capacity 18464K, committed 18560K, reserved 1064960K
  class space    used 2330K, capacity 2422K, committed 2432K, reserved 1048576K
}
Event: 5,480 GC heap before
{Heap before GC invocations=7 (full 0):
 PSYoungGen      total 132096K, used 130325K [0x00000000ec100000, 0x00000000f4f00000, 0x0000000100000000)
  eden space 121856K, 100% used [0x00000000ec100000,0x00000000f3800000,0x00000000f3800000)
  from space 10240K, 82% used [0x00000000f4300000,0x00000000f4b45720,0x00000000f4d00000)
  to   space 11264K, 0% used [0x00000000f3800000,0x00000000f3800000,0x00000000f4300000)
 ParOldGen       total 40960K, used 14684K [0x00000000c4200000, 0x00000000c6a00000, 0x00000000ec100000)
  object space 40960K, 35% used [0x00000000c4200000,0x00000000c50572d8,0x00000000c6a00000)
 Metaspace       used 18346K, capacity 18598K, committed 18816K, reserved 1064960K
  class space    used 2336K, capacity 2423K, committed 2432K, reserved 1048576K
Event: 5,524 GC heap after
Heap after GC invocations=7 (full 0):
 PSYoungGen      total 133120K, used 11248K [0x00000000ec100000, 0x00000000fcc00000, 0x0000000100000000)
  eden space 121856K, 0% used [0x00000000ec100000,0x00000000ec100000,0x00000000f3800000)
  from space 11264K, 99% used [0x00000000f3800000,0x00000000f42fc010,0x00000000f4300000)
  to   space 14848K, 0% used [0x00000000fbd80000,0x00000000fbd80000,0x00000000fcc00000)
 ParOldGen       total 40960K, used 17649K [0x00000000c4200000, 0x00000000c6a00000, 0x00000000ec100000)
  object space 40960K, 43% used [0x00000000c4200000,0x00000000c533c718,0x00000000c6a00000)
 Metaspace       used 18346K, capacity 18598K, committed 18816K, reserved 1064960K
  class space    used 2336K, capacity 2423K, committed 2432K, reserved 1048576K
}
Event: 6,453 GC heap before
{Heap before GC invocations=8 (full 0):
 PSYoungGen      total 133120K, used 133104K [0x00000000ec100000, 0x00000000fcc00000, 0x0000000100000000)
  eden space 121856K, 100% used [0x00000000ec100000,0x00000000f3800000,0x00000000f3800000)
  from space 11264K, 99% used [0x00000000f3800000,0x00000000f42fc010,0x00000000f4300000)
  to   space 14848K, 0% used [0x00000000fbd80000,0x00000000fbd80000,0x00000000fcc00000)
 ParOldGen       total 40960K, used 17649K [0x00000000c4200000, 0x00000000c6a00000, 0x00000000ec100000)
  object space 40960K, 43% used [0x00000000c4200000,0x00000000c533c718,0x00000000c6a00000)
 Metaspace       used 18532K, capacity 18854K, committed 19072K, reserved 1067008K
  class space    used 2338K, capacity 2423K, committed 2432K, reserved 1048576K
Event: 6,469 GC heap after
Heap after GC invocations=8 (full 0):
 PSYoungGen      total 257536K, used 12160K [0x00000000ec100000, 0x00000000fce00000, 0x0000000100000000)
  eden space 242688K, 0% used [0x00000000ec100000,0x00000000ec100000,0x00000000fae00000)
  from space 14848K, 81% used [0x00000000fbd80000,0x00000000fc960000,0x00000000fcc00000)
  to   space 15872K, 0% used [0x00000000fae00000,0x00000000fae00000,0x00000000fbd80000)
 ParOldGen       total 40960K, used 18926K [0x00000000c4200000, 0x00000000c6a00000, 0x00000000ec100000)
  object space 40960K, 46% used [0x00000000c4200000,0x00000000c547bbd0,0x00000000c6a00000)
 Metaspace       used 18532K, capacity 18854K, committed 19072K, reserved 1067008K
  class space    used 2338K, capacity 2423K, committed 2432K, reserved 1048576K
}
Event: 12,384 GC heap before
{Heap before GC invocations=9 (full 0):
 PSYoungGen      total 257536K, used 129517K [0x00000000ec100000, 0x00000000fce00000, 0x0000000100000000)
  eden space 242688K, 48% used [0x00000000ec100000,0x00000000f339b7e8,0x00000000fae00000)
  from space 14848K, 81% used [0x00000000fbd80000,0x00000000fc960000,0x00000000fcc00000)
  to   space 15872K, 0% used [0x00000000fae00000,0x00000000fae00000,0x00000000fbd80000)
 ParOldGen       total 40960K, used 18926K [0x00000000c4200000, 0x00000000c6a00000, 0x00000000ec100000)
  object space 40960K, 46% used [0x00000000c4200000,0x00000000c547bbd0,0x00000000c6a00000)
 Metaspace       used 20727K, capacity 21016K, committed 21248K, reserved 1067008K
  class space    used 2606K, capacity 2714K, committed 2816K, reserved 1048576K

