# JRE version: Java(TM) SE Runtime Environment (8.0_181-b13) (build 1.8.0_181-b13)
# Java VM: Java HotSpot(TM) 64-Bit Server VM (25.181-b13 mixed mode linux-amd64 compressed oops)
Heap:
 PSYoungGen      total 208384K, used 6934K [0x00000000ec100000, 0x00000000f9b80000, 0x0000000100000000)
  eden space 194560K, 0% used [0x00000000ec100000,0x00000000ec100000,0x00000000f7f00000)
  from space 13824K, 50% used [0x00000000f7f00000,0x00000000f85c5bd0,0x00000000f8c80000)
  to   space 12288K, 0% used [0x00000000f8c80000,0x00000000f8c80000,0x00000000f9880000)
 ParOldGen       total 40960K, used 17067K [0x00000000c4200000, 0x00000000c6a00000, 0x00000000ec100000)
  object space 40960K, 41% used [0x00000000c4200000,0x00000000c52aaf58,0x00000000c6a00000)
 Metaspace       used 20703K, capacity 21016K, committed 21248K, reserved 1067008K
  class space    used 2605K, capacity 2714K, committed 2816K, reserved 1048576K
GC Heap History (10 events):
Event: 4,072 GC heap after
Heap after GC invocations=6 (full 0):
 PSYoungGen      total 67584K, used 4378K [0x00000000ec100000, 0x00000000f0a00000, 0x0000000100000000)
  eden space 61440K, 0% used [0x00000000ec100000,0x00000000ec100000,0x00000000efd00000)
  from space 6144K, 71% used [0x00000000f0400000,0x00000000f0846bc8,0x00000000f0a00000)
  to   space 6656K, 0% used [0x00000000efd00000,0x00000000efd00000,0x00000000f0380000)
 ParOldGen       total 40960K, used 8775K [0x00000000c4200000, 0x00000000c6a00000, 0x00000000ec100000)
  object space 40960K, 21% used [0x00000000c4200000,0x00000000c4a91ff8,0x00000000c6a00000)
 Metaspace       used 17450K, capacity 17722K, committed 18048K, reserved 1064960K
  class space    used 2242K, capacity 2341K, committed 2432K, reserved 1048576K
}
Event: 4,515 GC heap before
{Heap before GC invocations=7 (full 0):
 PSYoungGen      total 67584K, used 65818K [0x00000000ec100000, 0x00000000f0a00000, 0x0000000100000000)
  eden space 61440K, 100% used [0x00000000ec100000,0x00000000efd00000,0x00000000efd00000)
  from space 6144K, 71% used [0x00000000f0400000,0x00000000f0846bc8,0x00000000f0a00000)
  to   space 6656K, 0% used [0x00000000efd00000,0x00000000efd00000,0x00000000f0380000)
 ParOldGen       total 40960K, used 8775K [0x00000000c4200000, 0x00000000c6a00000, 0x00000000ec100000)
  object space 40960K, 21% used [0x00000000c4200000,0x00000000c4a91ff8,0x00000000c6a00000)
 Metaspace       used 18004K, capacity 18304K, committed 18560K, reserved 1064960K
  class space    used 2308K, capacity 2390K, committed 2432K, reserved 1048576K
Event: 4,529 GC heap after
Heap after GC invocations=7 (full 0):
 PSYoungGen      total 68096K, used 6651K [0x00000000ec100000, 0x00000000f4b00000, 0x0000000100000000)
  eden space 61440K, 0% used [0x00000000ec100000,0x00000000ec100000,0x00000000efd00000)
  from space 6656K, 99% used [0x00000000efd00000,0x00000000f037ed30,0x00000000f0380000)
  to   space 9216K, 0% used [0x00000000f4200000,0x00000000f4200000,0x00000000f4b00000)
 ParOldGen       total 40960K, used 11733K [0x00000000c4200000, 0x00000000c6a00000, 0x00000000ec100000)
  object space 40960K, 28% used [0x00000000c4200000,0x00000000c4d75798,0x00000000c6a00000)
 Metaspace       used 18004K, capacity 18304K, committed 18560K, reserved 1064960K
  class space    used 2308K, capacity 2390K, committed 2432K, reserved 1048576K
}
Event: 4,818 GC heap before
{Heap before GC invocations=8 (full 0):
 PSYoungGen      total 68096K, used 68091K [0x00000000ec100000, 0x00000000f4b00000, 0x0000000100000000)
  eden space 61440K, 100% used [0x00000000ec100000,0x00000000efd00000,0x00000000efd00000)
  from space 6656K, 99% used [0x00000000efd00000,0x00000000f037ed30,0x00000000f0380000)
  to   space 9216K, 0% used [0x00000000f4200000,0x00000000f4200000,0x00000000f4b00000)
 ParOldGen       total 40960K, used 11733K [0x00000000c4200000, 0x00000000c6a00000, 0x00000000ec100000)
  object space 40960K, 28% used [0x00000000c4200000,0x00000000c4d75798,0x00000000c6a00000)
 Metaspace       used 18222K, capacity 18464K, committed 18560K, reserved 1064960K
  class space    used 2334K, capacity 2422K, committed 2432K, reserved 1048576K
Event: 4,829 GC heap after
Heap after GC invocations=8 (full 0):
 PSYoungGen      total 131584K, used 7237K [0x00000000ec100000, 0x00000000f4c00000, 0x0000000100000000)
  eden space 122368K, 0% used [0x00000000ec100000,0x00000000ec100000,0x00000000f3880000)
  from space 9216K, 78% used [0x00000000f4200000,0x00000000f4911730,0x00000000f4b00000)
  to   space 9728K, 0% used [0x00000000f3880000,0x00000000f3880000,0x00000000f4200000)
 ParOldGen       total 40960K, used 12638K [0x00000000c4200000, 0x00000000c6a00000, 0x00000000ec100000)
  object space 40960K, 30% used [0x00000000c4200000,0x00000000c4e57808,0x00000000c6a00000)
 Metaspace       used 18222K, capacity 18464K, committed 18560K, reserved 1064960K
  class space    used 2334K, capacity 2422K, committed 2432K, reserved 1048576K
}
Event: 5,371 GC heap before
{Heap before GC invocations=9 (full 0):
 PSYoungGen      total 131584K, used 129605K [0x00000000ec100000, 0x00000000f4c00000, 0x0000000100000000)
  eden space 122368K, 100% used [0x00000000ec100000,0x00000000f3880000,0x00000000f3880000)
  from space 9216K, 78% used [0x00000000f4200000,0x00000000f4911730,0x00000000f4b00000)
  to   space 9728K, 0% used [0x00000000f3880000,0x00000000f3880000,0x00000000f4200000)
 ParOldGen       total 40960K, used 12638K [0x00000000c4200000, 0x00000000c6a00000, 0x00000000ec100000)
  object space 40960K, 30% used [0x00000000c4200000,0x00000000c4e57808,0x00000000c6a00000)
 Metaspace       used 18361K, capacity 18598K, committed 18816K, reserved 1064960K
  class space    used 2336K, capacity 2423K, committed 2432K, reserved 1048576K
Event: 5,388 GC heap after
Heap after GC invocations=9 (full 0):
 PSYoungGen      total 132096K, used 9728K [0x00000000ec100000, 0x00000000f9880000, 0x0000000100000000)
  eden space 122368K, 0% used [0x00000000ec100000,0x00000000ec100000,0x00000000f3880000)
  from space 9728K, 100% used [0x00000000f3880000,0x00000000f4200000,0x00000000f4200000)
  to   space 12288K, 0% used [0x00000000f8c80000,0x00000000f8c80000,0x00000000f9880000)
 ParOldGen       total 40960K, used 16174K [0x00000000c4200000, 0x00000000c6a00000, 0x00000000ec100000)
  object space 40960K, 39% used [0x00000000c4200000,0x00000000c51cb808,0x00000000c6a00000)
 Metaspace       used 18361K, capacity 18598K, committed 18816K, reserved 1064960K
  class space    used 2336K, capacity 2423K, committed 2432K, reserved 1048576K
}
Event: 5,858 GC heap before
{Heap before GC invocations=10 (full 0):
 PSYoungGen      total 132096K, used 132096K [0x00000000ec100000, 0x00000000f9880000, 0x0000000100000000)
  eden space 122368K, 100% used [0x00000000ec100000,0x00000000f3880000,0x00000000f3880000)
  from space 9728K, 100% used [0x00000000f3880000,0x00000000f4200000,0x00000000f4200000)
  to   space 12288K, 0% used [0x00000000f8c80000,0x00000000f8c80000,0x00000000f9880000)
 ParOldGen       total 40960K, used 16174K [0x00000000c4200000, 0x00000000c6a00000, 0x00000000ec100000)
  object space 40960K, 39% used [0x00000000c4200000,0x00000000c51cb808,0x00000000c6a00000)
 Metaspace       used 18483K, capacity 18726K, committed 18816K, reserved 1064960K
  class space    used 2338K, capacity 2423K, committed 2432K, reserved 1048576K
Event: 5,873 GC heap after
Heap after GC invocations=10 (full 0):
 PSYoungGen      total 206848K, used 11232K [0x00000000ec100000, 0x00000000f9b80000, 0x0000000100000000)
  eden space 194560K, 0% used [0x00000000ec100000,0x00000000ec100000,0x00000000f7f00000)
  from space 12288K, 91% used [0x00000000f8c80000,0x00000000f9778000,0x00000000f9880000)
  to   space 13824K, 0% used [0x00000000f7f00000,0x00000000f7f00000,0x00000000f8c80000)
 ParOldGen       total 40960K, used 16971K [0x00000000c4200000, 0x00000000c6a00000, 0x00000000ec100000)
  object space 40960K, 41% used [0x00000000c4200000,0x00000000c5292f58,0x00000000c6a00000)
 Metaspace       used 18483K, capacity 18726K, committed 18816K, reserved 1064960K
  class space    used 2338K, capacity 2423K, committed 2432K, reserved 1048576K
}
Event: 8,175 GC heap before
{Heap before GC invocations=11 (full 0):
 PSYoungGen      total 206848K, used 96646K [0x00000000ec100000, 0x00000000f9b80000, 0x0000000100000000)
  eden space 194560K, 43% used [0x00000000ec100000,0x00000000f1469858,0x00000000f7f00000)
  from space 12288K, 91% used [0x00000000f8c80000,0x00000000f9778000,0x00000000f9880000)
  to   space 13824K, 0% used [0x00000000f7f00000,0x00000000f7f00000,0x00000000f8c80000)
 ParOldGen       total 40960K, used 16971K [0x00000000c4200000, 0x00000000c6a00000, 0x00000000ec100000)
  object space 40960K, 41% used [0x00000000c4200000,0x00000000c5292f58,0x00000000c6a00000)
 Metaspace       used 20703K, capacity 21016K, committed 21248K, reserved 1067008K
  class space    used 2605K, capacity 2714K, committed 2816K, reserved 1048576K

